#-----------------------------------------------------------
# Vivado v2017.2 (64-bit)
# SW Build 1909853 on Thu Jun 15 18:39:09 MDT 2017
# IP Build 1909766 on Thu Jun 15 19:58:00 MDT 2017
# Start of session at: Mon Oct 17 00:13:27 2022
# Process ID: 5072
# Current directory: C:/Users/ecelab2/Desktop/vending_machine/vending_machine
# Command line: vivado.exe -gui_launcher_event rodinguilauncherevent2600 C:\Users\ecelab2\Desktop\vending_machine\vending_machine\vending_machine.xpr
# Log file: C:/Users/ecelab2/Desktop/vending_machine/vending_machine/vivado.log
# Journal file: C:/Users/ecelab2/Desktop/vending_machine/vending_machine\vivado.jou
#-----------------------------------------------------------
start_gui
open_project C:/Users/ecelab2/Desktop/vending_machine/vending_machine/vending_machine.xpr
Scanning sources...
Finished scanning sources
INFO: [IP_Flow 19-234] Refreshing IP repositories
INFO: [IP_Flow 19-1704] No user IP repositories specified
INFO: [IP_Flow 19-2313] Loaded Vivado IP repository 'C:/Xilinx/Vivado/2017.2/data/ip'.
update_compile_order -fileset sources_1
exit
INFO: [Common 17-206] Exiting Vivado at Mon Oct 17 00:14:00 2022...
compile_order -fileset sources_1
exit
INFO: [Common 17-206] Exiting Vivado at Mon Oct 17 00:14:08 2022...
